WARNING: A restricted method in java.lang.System has been called
WARNING: java.lang.System::load has been called by net.rubygrapefruit.platform.internal.NativeLibraryLoader in an unnamed module (file:/C:/Users/lomic/.gradle/wrapper/dists/gradle-8.11.1-bin/bpt9gzteqjrbo1mjrsomdt32c/gradle-8.11.1/lib/native-platform-0.22-milestone-26.jar)
WARNING: Use --enable-native-access=ALL-UNNAMED to avoid a warning for callers in this module
WARNING: Restricted methods will be blocked in a future release unless native access is enabled

To honour the JVM settings for this build a single-use Daemon process will be forked. For more on this, please refer to https://docs.gradle.org/8.11.1/userguide/gradle_daemon.html#sec:disabling_the_daemon in the Gradle documentation.
Daemon will be stopped at the end of the build 
> Task :app:checkKotlinGradlePluginConfigurationErrors
> Task :app:preBuild UP-TO-DATE
> Task :app:preReleaseBuild UP-TO-DATE
> Task :app:generateReleaseBuildConfig UP-TO-DATE
> Task :app:checkReleaseAarMetadata UP-TO-DATE
> Task :app:generateReleaseResValues UP-TO-DATE
> Task :app:mapReleaseSourceSetPaths UP-TO-DATE
> Task :app:generateReleaseResources UP-TO-DATE
> Task :app:mergeReleaseResources UP-TO-DATE
> Task :app:packageReleaseResources UP-TO-DATE
> Task :app:parseReleaseLocalResources UP-TO-DATE
> Task :app:createReleaseCompatibleScreenManifests UP-TO-DATE
> Task :app:extractDeepLinksRelease UP-TO-DATE
> Task :app:processReleaseMainManifest UP-TO-DATE
> Task :app:processReleaseManifest UP-TO-DATE
> Task :app:processReleaseManifestForPackage UP-TO-DATE
> Task :app:processReleaseResources UP-TO-DATE
> Task :app:compileReleaseKotlin
e: file:///C:/Users/lomic/Dev/orbital-belt/app/src/main/java/com/orbital/run/ui/MainScreen.kt:127:9 Conflicting declarations: val savedSwims: SnapshotStateList<Workout>, val savedSwims: SnapshotStateList<Workout>
e: file:///C:/Users/lomic/Dev/orbital-belt/app/src/main/java/com/orbital/run/ui/MainScreen.kt:128:9 Conflicting declarations: val savedSwims: SnapshotStateList<Workout>, val savedSwims: SnapshotStateList<Workout>
e: file:///C:/Users/lomic/Dev/orbital-belt/app/src/main/java/com/orbital/run/ui/RecapScreen.kt:333:1 Conflicting overloads: public fun SectionHeader(title: String): Unit defined in com.orbital.run.ui in file RecapScreen.kt, private fun SectionHeader(title: String): Unit defined in com.orbital.run.ui in file UpdateDialog.kt
e: file:///C:/Users/lomic/Dev/orbital-belt/app/src/main/java/com/orbital/run/ui/UpdateDialog.kt:79:25 Overload resolution ambiguity: 
private fun SectionHeader(title: String): Unit defined in com.orbital.run.ui in file UpdateDialog.kt
public fun SectionHeader(title: String): Unit defined in com.orbital.run.ui in file RecapScreen.kt
e: file:///C:/Users/lomic/Dev/orbital-belt/app/src/main/java/com/orbital/run/ui/UpdateDialog.kt:87:25 Overload resolution ambiguity: 
private fun SectionHeader(title: String): Unit defined in com.orbital.run.ui in file UpdateDialog.kt
public fun SectionHeader(title: String): Unit defined in com.orbital.run.ui in file RecapScreen.kt
e: file:///C:/Users/lomic/Dev/orbital-belt/app/src/main/java/com/orbital/run/ui/UpdateDialog.kt:123:1 Conflicting overloads: public fun SectionHeader(title: String): Unit defined in com.orbital.run.ui in file RecapScreen.kt, private fun SectionHeader(title: String): Unit defined in com.orbital.run.ui in file UpdateDialog.kt
e: file:///C:/Users/lomic/Dev/orbital-belt/app/src/main/java/com/orbital/run/ui/UpdateDialog.kt:138:9 Cannot find a parameter with this name: crossAxisAlignment

> Task :app:compileReleaseKotlin FAILED

FAILURE: Build failed with an exception.

* What went wrong:
Execution failed for task ':app:compileReleaseKotlin'.
> A failure occurred while executing org.jetbrains.kotlin.compilerRunner.GradleCompilerRunnerWithWorkers$GradleKotlinCompilerWorkAction
   > Compilation error. See log for more details

* Try:
> Run with --stacktrace option to get the stack trace.
> Run with --info or --debug option to get more log output.
> Run with --scan to get full insights.
> Get more help at https://help.gradle.org.

BUILD FAILED in 56s
16 actionable tasks: 2 executed, 14 up-to-date
