WARNING: A restricted method in java.lang.System has been called
WARNING: java.lang.System::load has been called by net.rubygrapefruit.platform.internal.NativeLibraryLoader in an unnamed module (file:/C:/Users/lomic/.gradle/wrapper/dists/gradle-8.11.1-bin/bpt9gzteqjrbo1mjrsomdt32c/gradle-8.11.1/lib/native-platform-0.22-milestone-26.jar)
WARNING: Use --enable-native-access=ALL-UNNAMED to avoid a warning for callers in this module
WARNING: Restricted methods will be blocked in a future release unless native access is enabled

> Task :app:preBuild UP-TO-DATE
> Task :app:preDebugBuild UP-TO-DATE
> Task :app:mergeDebugNativeDebugMetadata NO-SOURCE
> Task :app:checkKotlinGradlePluginConfigurationErrors
> Task :app:generateDebugBuildConfig UP-TO-DATE
> Task :app:checkDebugAarMetadata UP-TO-DATE
> Task :app:generateDebugResValues UP-TO-DATE
> Task :app:mapDebugSourceSetPaths UP-TO-DATE
> Task :app:generateDebugResources UP-TO-DATE
> Task :app:mergeDebugResources UP-TO-DATE
> Task :app:packageDebugResources UP-TO-DATE
> Task :app:parseDebugLocalResources UP-TO-DATE
> Task :app:createDebugCompatibleScreenManifests UP-TO-DATE
> Task :app:extractDeepLinksDebug UP-TO-DATE
> Task :app:processDebugMainManifest UP-TO-DATE
> Task :app:processDebugManifest UP-TO-DATE
> Task :app:processDebugManifestForPackage UP-TO-DATE
> Task :app:processDebugResources UP-TO-DATE
> Task :app:javaPreCompileDebug UP-TO-DATE
> Task :app:mergeDebugShaders UP-TO-DATE
> Task :app:compileDebugShaders NO-SOURCE
> Task :app:generateDebugAssets UP-TO-DATE
> Task :app:mergeDebugAssets UP-TO-DATE
> Task :app:compressDebugAssets UP-TO-DATE
> Task :app:desugarDebugFileDependencies UP-TO-DATE
> Task :app:checkDebugDuplicateClasses UP-TO-DATE
> Task :app:mergeDebugStartupProfile UP-TO-DATE
> Task :app:mergeExtDexDebug UP-TO-DATE
> Task :app:mergeLibDexDebug UP-TO-DATE
> Task :app:mergeDebugJniLibFolders UP-TO-DATE
> Task :app:mergeDebugNativeLibs NO-SOURCE
> Task :app:stripDebugDebugSymbols NO-SOURCE
> Task :app:validateSigningDebug UP-TO-DATE
> Task :app:writeDebugAppMetadata UP-TO-DATE
> Task :app:writeDebugSigningConfigVersions UP-TO-DATE

> Task :app:compileDebugKotlin
e: file:///C:/Users/lomic/Dev/orbital-belt/app/src/main/java/com/orbital/run/ui/ActivityDetailScreen.kt:873:64 Function invocation 'min(...)' expected
e: file:///C:/Users/lomic/Dev/orbital-belt/app/src/main/java/com/orbital/run/ui/ActivityDetailScreen.kt:873:64 Unresolved reference. None of the following candidates is applicable because of receiver type mismatch: 
public fun <T : Comparable<TypeVariable(T)>> Array<out TypeVariable(T)>.min(): TypeVariable(T) defined in kotlin.collections
public fun Array<out Double>.min(): Double defined in kotlin.collections
public fun Array<out Float>.min(): Float defined in kotlin.collections
public fun ByteArray.min(): Byte defined in kotlin.collections
public fun CharArray.min(): Char defined in kotlin.collections
public fun CharSequence.min(): Char defined in kotlin.text
public fun DoubleArray.min(): Double defined in kotlin.collections
public fun FloatArray.min(): Float defined in kotlin.collections
public fun IntArray.min(): Int defined in kotlin.collections
public fun LongArray.min(): Long defined in kotlin.collections
public fun ShortArray.min(): Short defined in kotlin.collections
public fun UByteArray.min(): UByte defined in kotlin.collections
public fun UIntArray.min(): UInt defined in kotlin.collections
public fun ULongArray.min(): ULong defined in kotlin.collections
public fun UShortArray.min(): UShort defined in kotlin.collections
public fun <T : Comparable<TypeVariable(T)>> Iterable<TypeVariable(T)>.min(): TypeVariable(T) defined in kotlin.collections
public fun Iterable<Double>.min(): Double defined in kotlin.collections
public fun Iterable<Float>.min(): Float defined in kotlin.collections
public fun <T : Comparable<TypeVariable(T)>> Sequence<TypeVariable(T)>.min(): TypeVariable(T) defined in kotlin.sequences
public fun Sequence<Double>.min(): Double defined in kotlin.sequences
public fun Sequence<Float>.min(): Float defined in kotlin.sequences
e: file:///C:/Users/lomic/Dev/orbital-belt/app/src/main/java/com/orbital/run/ui/ActivityDetailScreen.kt:873:86 Function invocation 'max(...)' expected
e: file:///C:/Users/lomic/Dev/orbital-belt/app/src/main/java/com/orbital/run/ui/ActivityDetailScreen.kt:873:86 Unresolved reference. None of the following candidates is applicable because of receiver type mismatch: 
public fun <T : Comparable<TypeVariable(T)>> Array<out TypeVariable(T)>.max(): TypeVariable(T) defined in kotlin.collections
public fun Array<out Double>.max(): Double defined in kotlin.collections
public fun Array<out Float>.max(): Float defined in kotlin.collections
public fun ByteArray.max(): Byte defined in kotlin.collections
public fun CharArray.max(): Char defined in kotlin.collections
public fun CharSequence.max(): Char defined in kotlin.text
public fun DoubleArray.max(): Double defined in kotlin.collections
public fun FloatArray.max(): Float defined in kotlin.collections
public fun IntArray.max(): Int defined in kotlin.collections
public fun LongArray.max(): Long defined in kotlin.collections
public fun ShortArray.max(): Short defined in kotlin.collections
public fun UByteArray.max(): UByte defined in kotlin.collections
public fun UIntArray.max(): UInt defined in kotlin.collections
public fun ULongArray.max(): ULong defined in kotlin.collections
public fun UShortArray.max(): UShort defined in kotlin.collections
public fun <T : Comparable<TypeVariable(T)>> Iterable<TypeVariable(T)>.max(): TypeVariable(T) defined in kotlin.collections
public fun Iterable<Double>.max(): Double defined in kotlin.collections
public fun Iterable<Float>.max(): Float defined in kotlin.collections
public fun <T : Comparable<TypeVariable(T)>> Sequence<TypeVariable(T)>.max(): TypeVariable(T) defined in kotlin.sequences
public fun Sequence<Double>.max(): Double defined in kotlin.sequences
public fun Sequence<Float>.max(): Float defined in kotlin.sequences
e: file:///C:/Users/lomic/Dev/orbital-belt/app/src/main/java/com/orbital/run/ui/ActivityDetailScreen.kt:873:93 Unresolved reference: label
e: file:///C:/Users/lomic/Dev/orbital-belt/app/src/main/java/com/orbital/run/ui/ActivityDetailScreen.kt:877:62 Function invocation 'min(...)' expected
e: file:///C:/Users/lomic/Dev/orbital-belt/app/src/main/java/com/orbital/run/ui/ActivityDetailScreen.kt:877:62 Unresolved reference. None of the following candidates is applicable because of receiver type mismatch: 
public fun <T : Comparable<TypeVariable(T)>> Array<out TypeVariable(T)>.min(): TypeVariable(T) defined in kotlin.collections
public fun Array<out Double>.min(): Double defined in kotlin.collections
public fun Array<out Float>.min(): Float defined in kotlin.collections
public fun ByteArray.min(): Byte defined in kotlin.collections
public fun CharArray.min(): Char defined in kotlin.collections
public fun CharSequence.min(): Char defined in kotlin.text
public fun DoubleArray.min(): Double defined in kotlin.collections
public fun FloatArray.min(): Float defined in kotlin.collections
public fun IntArray.min(): Int defined in kotlin.collections
public fun LongArray.min(): Long defined in kotlin.collections
public fun ShortArray.min(): Short defined in kotlin.collections
public fun UByteArray.min(): UByte defined in kotlin.collections
public fun UIntArray.min(): UInt defined in kotlin.collections
public fun ULongArray.min(): ULong defined in kotlin.collections
public fun UShortArray.min(): UShort defined in kotlin.collections
public fun <T : Comparable<TypeVariable(T)>> Iterable<TypeVariable(T)>.min(): TypeVariable(T) defined in kotlin.collections
public fun Iterable<Double>.min(): Double defined in kotlin.collections
public fun Iterable<Float>.min(): Float defined in kotlin.collections
public fun <T : Comparable<TypeVariable(T)>> Sequence<TypeVariable(T)>.min(): TypeVariable(T) defined in kotlin.sequences
public fun Sequence<Double>.min(): Double defined in kotlin.sequences
public fun Sequence<Float>.min(): Float defined in kotlin.sequences
e: file:///C:/Users/lomic/Dev/orbital-belt/app/src/main/java/com/orbital/run/ui/ActivityDetailScreen.kt:877:90 Function invocation 'max(...)' expected
e: file:///C:/Users/lomic/Dev/orbital-belt/app/src/main/java/com/orbital/run/ui/ActivityDetailScreen.kt:877:90 Unresolved reference. None of the following candidates is applicable because of receiver type mismatch: 
public fun <T : Comparable<TypeVariable(T)>> Array<out TypeVariable(T)>.max(): TypeVariable(T) defined in kotlin.collections
public fun Array<out Double>.max(): Double defined in kotlin.collections
public fun Array<out Float>.max(): Float defined in kotlin.collections
public fun ByteArray.max(): Byte defined in kotlin.collections
public fun CharArray.max(): Char defined in kotlin.collections
public fun CharSequence.max(): Char defined in kotlin.text
public fun DoubleArray.max(): Double defined in kotlin.collections
public fun FloatArray.max(): Float defined in kotlin.collections
public fun IntArray.max(): Int defined in kotlin.collections
public fun LongArray.max(): Long defined in kotlin.collections
public fun ShortArray.max(): Short defined in kotlin.collections
public fun UByteArray.max(): UByte defined in kotlin.collections
public fun UIntArray.max(): UInt defined in kotlin.collections
public fun ULongArray.max(): ULong defined in kotlin.collections
public fun UShortArray.max(): UShort defined in kotlin.collections
public fun <T : Comparable<TypeVariable(T)>> Iterable<TypeVariable(T)>.max(): TypeVariable(T) defined in kotlin.collections
public fun Iterable<Double>.max(): Double defined in kotlin.collections
public fun Iterable<Float>.max(): Float defined in kotlin.collections
public fun <T : Comparable<TypeVariable(T)>> Sequence<TypeVariable(T)>.max(): TypeVariable(T) defined in kotlin.sequences
public fun Sequence<Double>.max(): Double defined in kotlin.sequences
public fun Sequence<Float>.max(): Float defined in kotlin.sequences
e: file:///C:/Users/lomic/Dev/orbital-belt/app/src/main/java/com/orbital/run/ui/ActivityDetailScreen.kt:877:97 Unresolved reference: label

> Task :app:compileDebugKotlin FAILED

FAILURE: Build failed with an exception.

* What went wrong:
Execution failed for task ':app:compileDebugKotlin'.
> A failure occurred while executing org.jetbrains.kotlin.compilerRunner.GradleCompilerRunnerWithWorkers$GradleKotlinCompilerWorkAction
   > Compilation error. See log for more details

* Try:
> Run with --stacktrace option to get the stack trace.
> Run with --info or --debug option to get more log output.
> Run with --scan to get full insights.
> Get more help at https://help.gradle.org.

BUILD FAILED in 17s
29 actionable tasks: 2 executed, 27 up-to-date
